0 info it worked if it ends with ok
1 verbose cli [ 'C:\\Program Files\\nodejs\\node.exe',
1 verbose cli   'C:\\Program Files\\nodejs\\node_modules\\npm\\bin\\npm-cli.js',
1 verbose cli   'publish',
1 verbose cli   './' ]
2 info using npm@3.10.10
3 info using node@v6.12.3
4 verbose publish [ './' ]
5 silly cache add args [ './', null ]
6 verbose cache add spec ./
7 silly cache add parsed spec Result {
7 silly cache add   raw: './',
7 silly cache add   scope: null,
7 silly cache add   escapedName: null,
7 silly cache add   name: null,
7 silly cache add   rawSpec: './',
7 silly cache add   spec: 'E:\\github\\microsoft-teams-library-js',
7 silly cache add   type: 'directory' }
8 verbose addLocalDirectory C:\Users\saching\AppData\Roaming\npm-cache\@microsoft\microsoft-teams-library-js\1.2.0\package.tgz not in flight; packing
9 verbose correctMkdir C:\Users\saching\AppData\Roaming\npm-cache correctMkdir not in flight; initializing
10 info lifecycle @microsoft/microsoft-teams-library-js@1.2.0~prepublish: @microsoft/microsoft-teams-library-js@1.2.0
11 silly lifecycle @microsoft/microsoft-teams-library-js@1.2.0~prepublish: no script for prepublish, continuing
12 verbose tar pack [ 'C:\\Users\\saching\\AppData\\Roaming\\npm-cache\\@microsoft\\microsoft-teams-library-js\\1.2.0\\package.tgz',
12 verbose tar pack   'E:\\github\\microsoft-teams-library-js' ]
13 verbose tarball C:\Users\saching\AppData\Roaming\npm-cache\@microsoft\microsoft-teams-library-js\1.2.0\package.tgz
14 verbose folder E:\github\microsoft-teams-library-js
15 verbose addLocalTarball adding from inside cache C:\Users\saching\AppData\Roaming\npm-cache\@microsoft\microsoft-teams-library-js\1.2.0\package.tgz
16 verbose correctMkdir C:\Users\saching\AppData\Roaming\npm-cache correctMkdir not in flight; initializing
17 silly cache afterAdd @microsoft/microsoft-teams-library-js@1.2.0
18 verbose afterAdd C:\Users\saching\AppData\Roaming\npm-cache\@microsoft\microsoft-teams-library-js\1.2.0\package\package.json not in flight; writing
19 verbose correctMkdir C:\Users\saching\AppData\Roaming\npm-cache correctMkdir not in flight; initializing
20 verbose afterAdd C:\Users\saching\AppData\Roaming\npm-cache\@microsoft\microsoft-teams-library-js\1.2.0\package\package.json written
21 silly publish { name: '@microsoft/microsoft-teams-library-js',
21 silly publish   author: { name: 'Microsoft Teams' },
21 silly publish   version: '1.2.0',
21 silly publish   description: 'Microsoft Client SDK for building app for Microsoft teams',
21 silly publish   repository:
21 silly publish    { type: 'git',
21 silly publish      url: 'git+https://github.com/OfficeDev/microsoft-teams-library-js.git' },
21 silly publish   license: 'MIT',
21 silly publish   devDependencies:
21 silly publish    { 'adal-node': '^0.1.22',
21 silly publish      'azure-keyvault': '^2.0.1-preview',
21 silly publish      del: '2.2.2',
21 silly publish      gulp: '3.9.1',
21 silly publish      'gulp-deploy-azure-cdn': '^2.0.0',
21 silly publish      'gulp-rename': '1.2.2',
21 silly publish      'gulp-tslint': '6.1.2',
21 silly publish      'gulp-typescript': '3.0.2',
21 silly publish      'gulp-typings': '2.0.4',
21 silly publish      'gulp-uglify': '2.0.0',
21 silly publish      jasmine: '2.5.2',
21 silly publish      'json-schema-to-markdown': '1.0.3',
21 silly publish      karma: '1.3.0',
21 silly publish      'karma-jasmine': '1.0.2',
21 silly publish      'karma-phantomjs-launcher': '1.0.2',
21 silly publish      merge2: '1.0.2',
21 silly publish      tslint: '3.15.1',
21 silly publish      typescript: '2.5.0',
21 silly publish      yargs: '^8.0.1' },
21 silly publish   gitHead: '5c040d0822cfd891f68c86cf32fe3a4acd5972d9',
21 silly publish   readme: '# [Microsoft Teams JavaScript Library](https://msdn.microsoft.com/en-us/microsoft-teams/)\r\n\r\nThis JavaScript library is part of the [Microsoft Teams developer platform](https://msdn.microsoft.com/en-us/microsoft-teams/). For documentation, see [Reference: Microsoft Teams JavaScript library](https://msdn.microsoft.com/en-us/microsoft-teams/jslibrary).\r\n\r\n[![Build Status](https://travis-ci.org/OfficeDev/microsoft-teams-library-js.svg?branch=master)](https://travis-ci.org/OfficeDev/microsoft-teams-library-js)\r\n\r\n## Get Started\r\n1. Clone the repo\r\n2. Navigate to the repo root\r\n3. `npm install`\r\n4. `gulp`\r\n\r\n## Contributing\r\nWe strongly welcome and encourage contributions to this project. Please read the [contributor\'s guide](CONTRIBUTING.md).\r\n\r\n- - -\r\n\r\nThis project has adopted the [Microsoft Open Source Code of Conduct](https://opensource.microsoft.com/codeofconduct/). For more information see the [Code of Conduct FAQ](https://opensource.microsoft.com/codeofconduct/faq/) or contact [opencode@microsoft.com](mailto:opencode@microsoft.com) with any additional questions or comments.\r\n',
21 silly publish   readmeFilename: 'README.md',
21 silly publish   bugs: { url: 'https://github.com/OfficeDev/microsoft-teams-library-js/issues' },
21 silly publish   homepage: 'https://github.com/OfficeDev/microsoft-teams-library-js#readme',
21 silly publish   _id: '@microsoft/microsoft-teams-library-js@1.2.0',
21 silly publish   scripts: {},
21 silly publish   _shasum: 'f805578d24c7c107bdcd2ecc9d580c87df614987',
21 silly publish   _from: '.' }
22 verbose getPublishConfig undefined
23 silly mapToRegistry name @microsoft/microsoft-teams-library-js
24 silly mapToRegistry scope (from package name) @microsoft
25 verbose mapToRegistry no registry URL found in name for scope @microsoft
26 silly mapToRegistry using default registry
27 silly mapToRegistry registry https://registry.npmjs.org/
28 silly mapToRegistry data Result {
28 silly mapToRegistry   raw: '@microsoft/microsoft-teams-library-js',
28 silly mapToRegistry   scope: '@microsoft',
28 silly mapToRegistry   escapedName: '@microsoft%2fmicrosoft-teams-library-js',
28 silly mapToRegistry   name: '@microsoft/microsoft-teams-library-js',
28 silly mapToRegistry   rawSpec: '',
28 silly mapToRegistry   spec: 'latest',
28 silly mapToRegistry   type: 'tag' }
29 silly mapToRegistry uri https://registry.npmjs.org/@microsoft%2fmicrosoft-teams-library-js
30 verbose publish registryBase https://registry.npmjs.org/
31 silly publish uploading C:\Users\saching\AppData\Roaming\npm-cache\@microsoft\microsoft-teams-library-js\1.2.0\package.tgz
32 verbose stack Error: auth required for publishing
32 verbose stack     at CachingRegistryClient.publish (C:\Program Files\nodejs\node_modules\npm\node_modules\npm-registry-client\lib\publish.js:30:14)
32 verbose stack     at C:\Program Files\nodejs\node_modules\npm\lib\publish.js:138:14
32 verbose stack     at mapToRegistry (C:\Program Files\nodejs\node_modules\npm\lib\utils\map-to-registry.js:62:3)
32 verbose stack     at publish_ (C:\Program Files\nodejs\node_modules\npm\lib\publish.js:107:3)
32 verbose stack     at Array.<anonymous> (C:\Program Files\nodejs\node_modules\npm\node_modules\slide\lib\bind-actor.js:15:8)
32 verbose stack     at LOOP (C:\Program Files\nodejs\node_modules\npm\node_modules\slide\lib\chain.js:15:14)
32 verbose stack     at LOOP (C:\Program Files\nodejs\node_modules\npm\node_modules\slide\lib\chain.js:14:28)
32 verbose stack     at chain (C:\Program Files\nodejs\node_modules\npm\node_modules\slide\lib\chain.js:20:5)
32 verbose stack     at C:\Program Files\nodejs\node_modules\npm\lib\publish.js:73:5
32 verbose stack     at RES (C:\Program Files\nodejs\node_modules\npm\node_modules\inflight\inflight.js:23:14)
33 verbose cwd E:\github\microsoft-teams-library-js
34 error Windows_NT 10.0.16299
35 error argv "C:\\Program Files\\nodejs\\node.exe" "C:\\Program Files\\nodejs\\node_modules\\npm\\bin\\npm-cli.js" "publish" "./"
36 error node v6.12.3
37 error npm  v3.10.10
38 error code ENEEDAUTH
39 error need auth auth required for publishing
40 error need auth You need to authorize this machine using `npm adduser`
41 verbose exit [ 1, true ]
